<?xml version="1.0" encoding="UTF-8"?>
<testsuite name="tourGuide.service.TestGpsUtilWebClient" tests="1" skipped="0" failures="0" errors="0" timestamp="2026-09-07T08:41:32" hostname="UnCookiePasNet" time="2.919">
  <properties/>
  <testcase name="getAttractions" classname="tourGuide.service.TestGpsUtilWebClient" time="2.919"/>
  <system-out><![CDATA[10:41:33.463 [Test worker] DEBUG io.netty.util.internal.logging.InternalLoggerFactory - Using SLF4J as the default logging framework
10:41:33.513 [Test worker] DEBUG io.netty.util.internal.PlatformDependent - Platform: Windows
10:41:33.520 [Test worker] DEBUG io.netty.util.internal.PlatformDependent0 - -Dio.netty.noUnsafe: false
10:41:33.520 [Test worker] DEBUG io.netty.util.internal.PlatformDependent0 - Java version: 8
10:41:33.523 [Test worker] DEBUG io.netty.util.internal.PlatformDependent0 - sun.misc.Unsafe.theUnsafe: available
10:41:33.525 [Test worker] DEBUG io.netty.util.internal.PlatformDependent0 - sun.misc.Unsafe.copyMemory: available
10:41:33.527 [Test worker] DEBUG io.netty.util.internal.PlatformDependent0 - java.nio.Buffer.address: available
10:41:33.528 [Test worker] DEBUG io.netty.util.internal.PlatformDependent0 - direct buffer constructor: available
10:41:33.530 [Test worker] DEBUG io.netty.util.internal.PlatformDependent0 - java.nio.Bits.unaligned: available, true
10:41:33.530 [Test worker] DEBUG io.netty.util.internal.PlatformDependent0 - jdk.internal.misc.Unsafe.allocateUninitializedArray(int): unavailable prior to Java9
10:41:33.530 [Test worker] DEBUG io.netty.util.internal.PlatformDependent0 - java.nio.DirectByteBuffer.<init>(long, int): available
10:41:33.530 [Test worker] DEBUG io.netty.util.internal.PlatformDependent - sun.misc.Unsafe: available
10:41:33.531 [Test worker] DEBUG io.netty.util.internal.PlatformDependent - -Dio.netty.tmpdir: C:\Users\Hp\AppData\Local\Temp (java.io.tmpdir)
10:41:33.531 [Test worker] DEBUG io.netty.util.internal.PlatformDependent - -Dio.netty.bitMode: 64 (sun.arch.data.model)
10:41:33.534 [Test worker] DEBUG io.netty.util.internal.PlatformDependent - -Dio.netty.maxDirectMemory: 3773300736 bytes
10:41:33.534 [Test worker] DEBUG io.netty.util.internal.PlatformDependent - -Dio.netty.uninitializedArrayAllocationThreshold: -1
10:41:33.538 [Test worker] DEBUG io.netty.util.internal.CleanerJava6 - java.nio.ByteBuffer.cleaner(): available
10:41:33.538 [Test worker] DEBUG io.netty.util.internal.PlatformDependent - -Dio.netty.noPreferDirect: false
10:41:33.545 [Test worker] DEBUG io.netty.util.NetUtil - -Djava.net.preferIPv4Stack: false
10:41:33.546 [Test worker] DEBUG io.netty.util.NetUtil - -Djava.net.preferIPv6Addresses: false
10:41:33.885 [Test worker] DEBUG io.netty.util.NetUtil - Loopback interface: lo (Software Loopback Interface 1, 127.0.0.1)
10:41:33.887 [Test worker] DEBUG io.netty.util.NetUtil - Failed to get SOMAXCONN from sysctl and file \proc\sys\net\core\somaxconn. Default: 200
10:41:33.892 [Test worker] DEBUG reactor.util.Loggers$LoggerFactory - Using Slf4j logging framework
10:41:33.926 [Test worker] DEBUG reactor.netty.tcp.TcpResources - [http] resources will use the default LoopResources: DefaultLoopResources {prefix=reactor-http, daemon=true, selectCount=8, workerCount=8}
10:41:33.926 [Test worker] DEBUG reactor.netty.tcp.TcpResources - [http] resources will use the default ConnectionProvider: PooledConnectionProvider {name=http, poolFactory=reactor.netty.resources.ConnectionProvider$$Lambda$73/1690751419@66b1858d}
10:41:34.151 [Test worker] DEBUG reactor.netty.resources.DefaultLoopEpoll - Default Epoll support : false
10:41:34.153 [Test worker] DEBUG reactor.netty.resources.DefaultLoopKQueue - Default KQueue support : false
10:41:34.164 [Test worker] DEBUG io.netty.channel.MultithreadEventLoopGroup - -Dio.netty.eventLoopThreads: 16
10:41:34.209 [Test worker] DEBUG io.netty.util.internal.InternalThreadLocalMap - -Dio.netty.threadLocalMap.stringBuilder.initialSize: 1024
10:41:34.210 [Test worker] DEBUG io.netty.util.internal.InternalThreadLocalMap - -Dio.netty.threadLocalMap.stringBuilder.maxSize: 4096
10:41:34.227 [Test worker] DEBUG io.netty.channel.nio.NioEventLoop - -Dio.netty.noKeySetOptimization: false
10:41:34.227 [Test worker] DEBUG io.netty.channel.nio.NioEventLoop - -Dio.netty.selectorAutoRebuildThreshold: 512
10:41:34.250 [Test worker] DEBUG io.netty.util.internal.PlatformDependent - org.jctools-core.MpscChunkedArrayQueue: available
10:41:34.481 [Test worker] DEBUG org.springframework.web.reactive.function.client.ExchangeFunctions - [625c3f4d] HTTP GET http://localhost:8081/getAttractions
10:41:34.503 [Test worker] DEBUG reactor.netty.resources.PooledConnectionProvider - Creating new client pool [http] for localhost:8081
10:41:34.520 [Test worker] DEBUG io.netty.channel.DefaultChannelId - -Dio.netty.processId: 4260 (auto-detected)
10:41:34.867 [Test worker] DEBUG io.netty.channel.DefaultChannelId - -Dio.netty.machineId: 4c:1d:96:ff:fe:62:c9:65 (auto-detected)
10:41:34.889 [Test worker] DEBUG io.netty.util.ResourceLeakDetector - -Dio.netty.leakDetection.level: simple
10:41:34.889 [Test worker] DEBUG io.netty.util.ResourceLeakDetector - -Dio.netty.leakDetection.targetRecords: 4
10:41:34.944 [Test worker] DEBUG io.netty.buffer.PooledByteBufAllocator - -Dio.netty.allocator.numHeapArenas: 16
10:41:34.944 [Test worker] DEBUG io.netty.buffer.PooledByteBufAllocator - -Dio.netty.allocator.numDirectArenas: 16
10:41:34.944 [Test worker] DEBUG io.netty.buffer.PooledByteBufAllocator - -Dio.netty.allocator.pageSize: 8192
10:41:34.944 [Test worker] DEBUG io.netty.buffer.PooledByteBufAllocator - -Dio.netty.allocator.maxOrder: 11
10:41:34.944 [Test worker] DEBUG io.netty.buffer.PooledByteBufAllocator - -Dio.netty.allocator.chunkSize: 16777216
10:41:34.944 [Test worker] DEBUG io.netty.buffer.PooledByteBufAllocator - -Dio.netty.allocator.tinyCacheSize: 512
10:41:34.944 [Test worker] DEBUG io.netty.buffer.PooledByteBufAllocator - -Dio.netty.allocator.smallCacheSize: 256
10:41:34.944 [Test worker] DEBUG io.netty.buffer.PooledByteBufAllocator - -Dio.netty.allocator.normalCacheSize: 64
10:41:34.945 [Test worker] DEBUG io.netty.buffer.PooledByteBufAllocator - -Dio.netty.allocator.maxCachedBufferCapacity: 32768
10:41:34.945 [Test worker] DEBUG io.netty.buffer.PooledByteBufAllocator - -Dio.netty.allocator.cacheTrimInterval: 8192
10:41:34.945 [Test worker] DEBUG io.netty.buffer.PooledByteBufAllocator - -Dio.netty.allocator.cacheTrimIntervalMillis: 0
10:41:34.945 [Test worker] DEBUG io.netty.buffer.PooledByteBufAllocator - -Dio.netty.allocator.useCacheForAllThreads: true
10:41:34.945 [Test worker] DEBUG io.netty.buffer.PooledByteBufAllocator - -Dio.netty.allocator.maxCachedByteBuffersPerChunk: 1023
10:41:34.964 [Test worker] DEBUG io.netty.buffer.ByteBufUtil - -Dio.netty.allocator.type: pooled
10:41:34.964 [Test worker] DEBUG io.netty.buffer.ByteBufUtil - -Dio.netty.threadLocalDirectBufferSize: 0
10:41:34.967 [Test worker] DEBUG io.netty.buffer.ByteBufUtil - -Dio.netty.maxThreadLocalCharBufferSize: 16384
10:41:34.986 [reactor-http-nio-4] DEBUG reactor.netty.resources.PooledConnectionProvider - [id: 0xcf55d9c1] Created new pooled channel, now 0 active connections and 1 inactive connections
10:41:35.046 [reactor-http-nio-4] DEBUG io.netty.buffer.AbstractByteBuf - -Dio.netty.buffer.checkAccessible: true
10:41:35.047 [reactor-http-nio-4] DEBUG io.netty.buffer.AbstractByteBuf - -Dio.netty.buffer.checkBounds: true
10:41:35.050 [reactor-http-nio-4] DEBUG io.netty.util.ResourceLeakDetectorFactory - Loaded default ResourceLeakDetector: io.netty.util.ResourceLeakDetector@46278779
10:41:35.065 [reactor-http-nio-4] DEBUG reactor.netty.channel.BootstrapHandlers - [id: 0xcf55d9c1] Initialized pipeline DefaultChannelPipeline{(BootstrapHandlers$BootstrapInitializerHandler#0 = reactor.netty.channel.BootstrapHandlers$BootstrapInitializerHandler), (SimpleChannelPool$1#0 = io.netty.channel.pool.SimpleChannelPool$1), (reactor.left.httpCodec = io.netty.handler.codec.http.HttpClientCodec), (reactor.left.decompressor = io.netty.handler.codec.http.HttpContentDecompressor), (reactor.right.reactiveBridge = reactor.netty.channel.ChannelOperationsHandler)}
10:41:35.083 [reactor-http-nio-4] DEBUG reactor.netty.resources.PooledConnectionProvider - [id: 0xcf55d9c1, L:/127.0.0.1:52824 - R:localhost/127.0.0.1:8081] onStateChange(PooledConnection{channel=[id: 0xcf55d9c1, L:/127.0.0.1:52824 - R:localhost/127.0.0.1:8081]}, [connected])
10:41:35.109 [reactor-http-nio-4] DEBUG reactor.netty.resources.PooledConnectionProvider - [id: 0xcf55d9c1, L:/127.0.0.1:52824 - R:localhost/127.0.0.1:8081] onStateChange(GET{uri=/, connection=PooledConnection{channel=[id: 0xcf55d9c1, L:/127.0.0.1:52824 - R:localhost/127.0.0.1:8081]}}, [configured])
10:41:35.115 [reactor-http-nio-4] DEBUG reactor.netty.resources.PooledConnectionProvider - [id: 0xcf55d9c1, L:/127.0.0.1:52824 - R:localhost/127.0.0.1:8081] Registering pool release on close event for channel
10:41:35.121 [reactor-http-nio-4] DEBUG reactor.netty.http.client.HttpClientConnect - [id: 0xcf55d9c1, L:/127.0.0.1:52824 - R:localhost/127.0.0.1:8081] Handler is being applied: {uri=http://localhost:8081/getAttractions, method=GET}
10:41:35.165 [reactor-http-nio-4] DEBUG io.netty.util.Recycler - -Dio.netty.recycler.maxCapacityPerThread: 4096
10:41:35.165 [reactor-http-nio-4] DEBUG io.netty.util.Recycler - -Dio.netty.recycler.maxSharedCapacityFactor: 2
10:41:35.165 [reactor-http-nio-4] DEBUG io.netty.util.Recycler - -Dio.netty.recycler.linkCapacity: 16
10:41:35.165 [reactor-http-nio-4] DEBUG io.netty.util.Recycler - -Dio.netty.recycler.ratio: 8
10:41:35.190 [reactor-http-nio-4] DEBUG reactor.netty.resources.PooledConnectionProvider - [id: 0xcf55d9c1, L:/127.0.0.1:52824 - R:localhost/127.0.0.1:8081] onStateChange(GET{uri=/getAttractions, connection=PooledConnection{channel=[id: 0xcf55d9c1, L:/127.0.0.1:52824 - R:localhost/127.0.0.1:8081]}}, [request_sent])
10:41:35.191 [reactor-http-nio-4] DEBUG reactor.netty.resources.PooledConnectionProvider - [id: 0xcf55d9c1, L:/127.0.0.1:52824 - R:localhost/127.0.0.1:8081] Channel connected, now 1 active connections and 0 inactive connections
10:41:35.226 [reactor-http-nio-4] DEBUG reactor.netty.http.client.HttpClientOperations - [id: 0xcf55d9c1, L:/127.0.0.1:52824 - R:localhost/127.0.0.1:8081] Received response (auto-read:false) : [Content-Type=text/plain;charset=UTF-8, Content-Length=7532, Date=Mon, 07 Sep 2026 08:41:35 GMT]
10:41:35.227 [reactor-http-nio-4] DEBUG reactor.netty.resources.PooledConnectionProvider - [id: 0xcf55d9c1, L:/127.0.0.1:52824 - R:localhost/127.0.0.1:8081] onStateChange(GET{uri=/getAttractions, connection=PooledConnection{channel=[id: 0xcf55d9c1, L:/127.0.0.1:52824 - R:localhost/127.0.0.1:8081]}}, [response_received])
10:41:35.233 [reactor-http-nio-4] DEBUG org.springframework.web.reactive.function.client.ExchangeFunctions - [625c3f4d] Response 200 OK
10:41:35.266 [reactor-http-nio-4] DEBUG reactor.netty.channel.FluxReceive - [id: 0xcf55d9c1, L:/127.0.0.1:52824 - R:localhost/127.0.0.1:8081] Subscribing inbound receiver [pending: 0, cancelled:false, inboundDone: false]
10:41:35.278 [reactor-http-nio-4] DEBUG reactor.netty.http.client.HttpClientOperations - [id: 0xcf55d9c1, L:/127.0.0.1:52824 - R:localhost/127.0.0.1:8081] Received last HTTP packet
10:41:35.286 [reactor-http-nio-4] DEBUG org.springframework.core.codec.StringDecoder - [625c3f4d] Decoded "[{"attractionName":"Disneyland","city":"Anaheim","state":"CA","attractionId":{"mostSigBits":3266891 (truncated)...
10:41:35.287 [reactor-http-nio-4] DEBUG reactor.netty.resources.PooledConnectionProvider - [id: 0xcf55d9c1, L:/127.0.0.1:52824 - R:localhost/127.0.0.1:8081] onStateChange(GET{uri=/getAttractions, connection=PooledConnection{channel=[id: 0xcf55d9c1, L:/127.0.0.1:52824 - R:localhost/127.0.0.1:8081]}}, [disconnecting])
10:41:35.287 [reactor-http-nio-4] DEBUG reactor.netty.resources.PooledConnectionProvider - [id: 0xcf55d9c1, L:/127.0.0.1:52824 - R:localhost/127.0.0.1:8081] Releasing channel
10:41:35.287 [reactor-http-nio-4] DEBUG reactor.netty.resources.PooledConnectionProvider - [id: 0xcf55d9c1, L:/127.0.0.1:52824 - R:localhost/127.0.0.1:8081] Channel cleaned, now 0 active connections and 1 inactive connections
]]></system-out>
  <system-err><![CDATA[]]></system-err>
</testsuite>
