<?xml version="1.0" encoding="UTF-8"?>
<testsuite name="tourGuide.TestRewardsService" tests="3" skipped="1" failures="0" errors="0" timestamp="2026-09-04T08:54:50" hostname="UnCookiePasNet" time="0.58">
  <properties/>
  <testcase name="nearAllAttractions" classname="tourGuide.TestRewardsService" time="0.0">
    <skipped/>
  </testcase>
  <testcase name="userGetRewards" classname="tourGuide.TestRewardsService" time="0.56"/>
  <testcase name="isWithinAttractionProximity" classname="tourGuide.TestRewardsService" time="0.02"/>
  <system-out><![CDATA[10:54:50.401 [Test worker] INFO tourGuide.service.TourGuideService - TestMode enabled
10:54:50.401 [Test worker] DEBUG tourGuide.service.TourGuideService - Initializing users
10:54:50.401 [Test worker] DEBUG tourGuide.service.TourGuideService - Created 0 internal test users.
10:54:50.401 [Test worker] DEBUG tourGuide.service.TourGuideService - Finished initializing users
10:54:50.402 [pool-6-thread-1] DEBUG tourGuide.tracker.Tracker - Begin Tracker. Tracking 0 users.
10:54:50.402 [pool-6-thread-1] DEBUG tourGuide.tracker.Tracker - Tracker Time Elapsed: 0 seconds.
10:54:50.402 [pool-6-thread-1] DEBUG tourGuide.tracker.Tracker - Tracker sleeping
]]></system-out>
  <system-err><![CDATA[]]></system-err>
</testsuite>
