<?xml version="1.0" encoding="UTF-8"?>
<testsuite name="tourGuide.service.TestGpsUtilWebClient" tests="2" skipped="0" failures="0" errors="0" timestamp="2026-09-07T12:26:22" hostname="UnCookiePasNet" time="3.081">
  <properties/>
  <testcase name="getUserLocation" classname="tourGuide.service.TestGpsUtilWebClient" time="3.05"/>
  <testcase name="getAttractions" classname="tourGuide.service.TestGpsUtilWebClient" time="0.031"/>
  <system-out><![CDATA[14:26:22.909 [Test worker] DEBUG io.netty.util.internal.logging.InternalLoggerFactory - Using SLF4J as the default logging framework
14:26:22.978 [Test worker] DEBUG io.netty.util.internal.PlatformDependent - Platform: Windows
14:26:22.983 [Test worker] DEBUG io.netty.util.internal.PlatformDependent0 - -Dio.netty.noUnsafe: false
14:26:22.983 [Test worker] DEBUG io.netty.util.internal.PlatformDependent0 - Java version: 8
14:26:22.985 [Test worker] DEBUG io.netty.util.internal.PlatformDependent0 - sun.misc.Unsafe.theUnsafe: available
14:26:22.986 [Test worker] DEBUG io.netty.util.internal.PlatformDependent0 - sun.misc.Unsafe.copyMemory: available
14:26:22.987 [Test worker] DEBUG io.netty.util.internal.PlatformDependent0 - java.nio.Buffer.address: available
14:26:22.988 [Test worker] DEBUG io.netty.util.internal.PlatformDependent0 - direct buffer constructor: available
14:26:22.990 [Test worker] DEBUG io.netty.util.internal.PlatformDependent0 - java.nio.Bits.unaligned: available, true
14:26:22.990 [Test worker] DEBUG io.netty.util.internal.PlatformDependent0 - jdk.internal.misc.Unsafe.allocateUninitializedArray(int): unavailable prior to Java9
14:26:22.990 [Test worker] DEBUG io.netty.util.internal.PlatformDependent0 - java.nio.DirectByteBuffer.<init>(long, int): available
14:26:22.990 [Test worker] DEBUG io.netty.util.internal.PlatformDependent - sun.misc.Unsafe: available
14:26:22.992 [Test worker] DEBUG io.netty.util.internal.PlatformDependent - -Dio.netty.tmpdir: C:\Users\Hp\AppData\Local\Temp (java.io.tmpdir)
14:26:22.992 [Test worker] DEBUG io.netty.util.internal.PlatformDependent - -Dio.netty.bitMode: 64 (sun.arch.data.model)
14:26:22.993 [Test worker] DEBUG io.netty.util.internal.PlatformDependent - -Dio.netty.maxDirectMemory: 3773300736 bytes
14:26:22.993 [Test worker] DEBUG io.netty.util.internal.PlatformDependent - -Dio.netty.uninitializedArrayAllocationThreshold: -1
14:26:22.995 [Test worker] DEBUG io.netty.util.internal.CleanerJava6 - java.nio.ByteBuffer.cleaner(): available
14:26:22.995 [Test worker] DEBUG io.netty.util.internal.PlatformDependent - -Dio.netty.noPreferDirect: false
14:26:22.999 [Test worker] DEBUG io.netty.util.NetUtil - -Djava.net.preferIPv4Stack: false
14:26:22.999 [Test worker] DEBUG io.netty.util.NetUtil - -Djava.net.preferIPv6Addresses: false
14:26:23.365 [Test worker] DEBUG io.netty.util.NetUtil - Loopback interface: lo (Software Loopback Interface 1, 127.0.0.1)
14:26:23.367 [Test worker] DEBUG io.netty.util.NetUtil - Failed to get SOMAXCONN from sysctl and file \proc\sys\net\core\somaxconn. Default: 200
14:26:23.372 [Test worker] DEBUG reactor.util.Loggers$LoggerFactory - Using Slf4j logging framework
14:26:23.410 [Test worker] DEBUG reactor.netty.tcp.TcpResources - [http] resources will use the default LoopResources: DefaultLoopResources {prefix=reactor-http, daemon=true, selectCount=8, workerCount=8}
14:26:23.411 [Test worker] DEBUG reactor.netty.tcp.TcpResources - [http] resources will use the default ConnectionProvider: PooledConnectionProvider {name=http, poolFactory=reactor.netty.resources.ConnectionProvider$$Lambda$73/1504498215@34729815}
14:26:23.653 [Test worker] DEBUG reactor.netty.resources.DefaultLoopEpoll - Default Epoll support : false
14:26:23.655 [Test worker] DEBUG reactor.netty.resources.DefaultLoopKQueue - Default KQueue support : false
14:26:23.667 [Test worker] DEBUG io.netty.channel.MultithreadEventLoopGroup - -Dio.netty.eventLoopThreads: 16
14:26:23.714 [Test worker] DEBUG io.netty.util.internal.InternalThreadLocalMap - -Dio.netty.threadLocalMap.stringBuilder.initialSize: 1024
14:26:23.714 [Test worker] DEBUG io.netty.util.internal.InternalThreadLocalMap - -Dio.netty.threadLocalMap.stringBuilder.maxSize: 4096
14:26:23.729 [Test worker] DEBUG io.netty.channel.nio.NioEventLoop - -Dio.netty.noKeySetOptimization: false
14:26:23.729 [Test worker] DEBUG io.netty.channel.nio.NioEventLoop - -Dio.netty.selectorAutoRebuildThreshold: 512
14:26:23.757 [Test worker] DEBUG io.netty.util.internal.PlatformDependent - org.jctools-core.MpscChunkedArrayQueue: available
14:26:23.973 [Test worker] DEBUG org.springframework.web.reactive.function.client.ExchangeFunctions - [20242b1] HTTP GET http://localhost:8081/getUserLocation?userId=65b551f8-9fb0-4b39-84a4-6f7744134050
14:26:24.004 [Test worker] DEBUG reactor.netty.resources.PooledConnectionProvider - Creating new client pool [http] for localhost:8081
14:26:24.030 [Test worker] DEBUG io.netty.channel.DefaultChannelId - -Dio.netty.processId: 12708 (auto-detected)
14:26:24.380 [Test worker] DEBUG io.netty.channel.DefaultChannelId - -Dio.netty.machineId: 4c:1d:96:ff:fe:62:c9:65 (auto-detected)
14:26:24.401 [Test worker] DEBUG io.netty.util.ResourceLeakDetector - -Dio.netty.leakDetection.level: simple
14:26:24.401 [Test worker] DEBUG io.netty.util.ResourceLeakDetector - -Dio.netty.leakDetection.targetRecords: 4
14:26:24.457 [Test worker] DEBUG io.netty.buffer.PooledByteBufAllocator - -Dio.netty.allocator.numHeapArenas: 16
14:26:24.458 [Test worker] DEBUG io.netty.buffer.PooledByteBufAllocator - -Dio.netty.allocator.numDirectArenas: 16
14:26:24.458 [Test worker] DEBUG io.netty.buffer.PooledByteBufAllocator - -Dio.netty.allocator.pageSize: 8192
14:26:24.458 [Test worker] DEBUG io.netty.buffer.PooledByteBufAllocator - -Dio.netty.allocator.maxOrder: 11
14:26:24.458 [Test worker] DEBUG io.netty.buffer.PooledByteBufAllocator - -Dio.netty.allocator.chunkSize: 16777216
14:26:24.458 [Test worker] DEBUG io.netty.buffer.PooledByteBufAllocator - -Dio.netty.allocator.tinyCacheSize: 512
14:26:24.458 [Test worker] DEBUG io.netty.buffer.PooledByteBufAllocator - -Dio.netty.allocator.smallCacheSize: 256
14:26:24.458 [Test worker] DEBUG io.netty.buffer.PooledByteBufAllocator - -Dio.netty.allocator.normalCacheSize: 64
14:26:24.458 [Test worker] DEBUG io.netty.buffer.PooledByteBufAllocator - -Dio.netty.allocator.maxCachedBufferCapacity: 32768
14:26:24.458 [Test worker] DEBUG io.netty.buffer.PooledByteBufAllocator - -Dio.netty.allocator.cacheTrimInterval: 8192
14:26:24.458 [Test worker] DEBUG io.netty.buffer.PooledByteBufAllocator - -Dio.netty.allocator.cacheTrimIntervalMillis: 0
14:26:24.458 [Test worker] DEBUG io.netty.buffer.PooledByteBufAllocator - -Dio.netty.allocator.useCacheForAllThreads: true
14:26:24.459 [Test worker] DEBUG io.netty.buffer.PooledByteBufAllocator - -Dio.netty.allocator.maxCachedByteBuffersPerChunk: 1023
14:26:24.476 [Test worker] DEBUG io.netty.buffer.ByteBufUtil - -Dio.netty.allocator.type: pooled
14:26:24.476 [Test worker] DEBUG io.netty.buffer.ByteBufUtil - -Dio.netty.threadLocalDirectBufferSize: 0
14:26:24.479 [Test worker] DEBUG io.netty.buffer.ByteBufUtil - -Dio.netty.maxThreadLocalCharBufferSize: 16384
14:26:24.496 [reactor-http-nio-4] DEBUG reactor.netty.resources.PooledConnectionProvider - [id: 0x2312f15d] Created new pooled channel, now 0 active connections and 1 inactive connections
14:26:24.555 [reactor-http-nio-4] DEBUG io.netty.buffer.AbstractByteBuf - -Dio.netty.buffer.checkAccessible: true
14:26:24.556 [reactor-http-nio-4] DEBUG io.netty.buffer.AbstractByteBuf - -Dio.netty.buffer.checkBounds: true
14:26:24.558 [reactor-http-nio-4] DEBUG io.netty.util.ResourceLeakDetectorFactory - Loaded default ResourceLeakDetector: io.netty.util.ResourceLeakDetector@15f426ad
14:26:24.572 [reactor-http-nio-4] DEBUG reactor.netty.channel.BootstrapHandlers - [id: 0x2312f15d] Initialized pipeline DefaultChannelPipeline{(BootstrapHandlers$BootstrapInitializerHandler#0 = reactor.netty.channel.BootstrapHandlers$BootstrapInitializerHandler), (SimpleChannelPool$1#0 = io.netty.channel.pool.SimpleChannelPool$1), (reactor.left.httpCodec = io.netty.handler.codec.http.HttpClientCodec), (reactor.left.decompressor = io.netty.handler.codec.http.HttpContentDecompressor), (reactor.right.reactiveBridge = reactor.netty.channel.ChannelOperationsHandler)}
14:26:24.596 [reactor-http-nio-4] DEBUG reactor.netty.resources.PooledConnectionProvider - [id: 0x2312f15d, L:/127.0.0.1:54817 - R:localhost/127.0.0.1:8081] onStateChange(PooledConnection{channel=[id: 0x2312f15d, L:/127.0.0.1:54817 - R:localhost/127.0.0.1:8081]}, [connected])
14:26:24.634 [reactor-http-nio-4] DEBUG reactor.netty.resources.PooledConnectionProvider - [id: 0x2312f15d, L:/127.0.0.1:54817 - R:localhost/127.0.0.1:8081] onStateChange(GET{uri=/, connection=PooledConnection{channel=[id: 0x2312f15d, L:/127.0.0.1:54817 - R:localhost/127.0.0.1:8081]}}, [configured])
14:26:24.639 [reactor-http-nio-4] DEBUG reactor.netty.resources.PooledConnectionProvider - [id: 0x2312f15d, L:/127.0.0.1:54817 - R:localhost/127.0.0.1:8081] Registering pool release on close event for channel
14:26:24.646 [reactor-http-nio-4] DEBUG reactor.netty.http.client.HttpClientConnect - [id: 0x2312f15d, L:/127.0.0.1:54817 - R:localhost/127.0.0.1:8081] Handler is being applied: {uri=http://localhost:8081/getUserLocation?userId=65b551f8-9fb0-4b39-84a4-6f7744134050, method=GET}
14:26:24.706 [reactor-http-nio-4] DEBUG io.netty.util.Recycler - -Dio.netty.recycler.maxCapacityPerThread: 4096
14:26:24.706 [reactor-http-nio-4] DEBUG io.netty.util.Recycler - -Dio.netty.recycler.maxSharedCapacityFactor: 2
14:26:24.706 [reactor-http-nio-4] DEBUG io.netty.util.Recycler - -Dio.netty.recycler.linkCapacity: 16
14:26:24.707 [reactor-http-nio-4] DEBUG io.netty.util.Recycler - -Dio.netty.recycler.ratio: 8
14:26:24.737 [reactor-http-nio-4] DEBUG reactor.netty.resources.PooledConnectionProvider - [id: 0x2312f15d, L:/127.0.0.1:54817 - R:localhost/127.0.0.1:8081] onStateChange(GET{uri=/getUserLocation?userId=65b551f8-9fb0-4b39-84a4-6f7744134050, connection=PooledConnection{channel=[id: 0x2312f15d, L:/127.0.0.1:54817 - R:localhost/127.0.0.1:8081]}}, [request_sent])
14:26:24.738 [reactor-http-nio-4] DEBUG reactor.netty.resources.PooledConnectionProvider - [id: 0x2312f15d, L:/127.0.0.1:54817 - R:localhost/127.0.0.1:8081] Channel connected, now 1 active connections and 0 inactive connections
14:26:24.968 [reactor-http-nio-4] DEBUG reactor.netty.http.client.HttpClientOperations - [id: 0x2312f15d, L:/127.0.0.1:54817 - R:localhost/127.0.0.1:8081] Received response (auto-read:false) : [Content-Type=text/plain;charset=UTF-8, Content-Length=8811, Date=Mon, 07 Sep 2026 12:26:24 GMT]
14:26:24.968 [reactor-http-nio-4] DEBUG reactor.netty.resources.PooledConnectionProvider - [id: 0x2312f15d, L:/127.0.0.1:54817 - R:localhost/127.0.0.1:8081] onStateChange(GET{uri=/getUserLocation?userId=65b551f8-9fb0-4b39-84a4-6f7744134050, connection=PooledConnection{channel=[id: 0x2312f15d, L:/127.0.0.1:54817 - R:localhost/127.0.0.1:8081]}}, [response_received])
14:26:24.974 [reactor-http-nio-4] DEBUG org.springframework.web.reactive.function.client.ExchangeFunctions - [20242b1] Response 200 OK
14:26:25.005 [reactor-http-nio-4] DEBUG reactor.netty.channel.FluxReceive - [id: 0x2312f15d, L:/127.0.0.1:54817 - R:localhost/127.0.0.1:8081] Subscribing inbound receiver [pending: 0, cancelled:false, inboundDone: false]
14:26:25.017 [reactor-http-nio-4] DEBUG reactor.netty.http.client.HttpClientOperations - [id: 0x2312f15d, L:/127.0.0.1:54817 - R:localhost/127.0.0.1:8081] Received last HTTP packet
14:26:25.024 [reactor-http-nio-4] DEBUG org.springframework.core.codec.StringDecoder - [20242b1] Decoded "{"userId":{"mostSigBits":7328854096888220473,"leastSigBits":-8888857206488612784,"leastSignificantB (truncated)...
14:26:25.025 [reactor-http-nio-4] DEBUG reactor.netty.resources.PooledConnectionProvider - [id: 0x2312f15d, L:/127.0.0.1:54817 - R:localhost/127.0.0.1:8081] onStateChange(GET{uri=/getUserLocation?userId=65b551f8-9fb0-4b39-84a4-6f7744134050, connection=PooledConnection{channel=[id: 0x2312f15d, L:/127.0.0.1:54817 - R:localhost/127.0.0.1:8081]}}, [disconnecting])
14:26:25.025 [reactor-http-nio-4] DEBUG reactor.netty.resources.PooledConnectionProvider - [id: 0x2312f15d, L:/127.0.0.1:54817 - R:localhost/127.0.0.1:8081] Releasing channel
14:26:25.026 [reactor-http-nio-4] DEBUG reactor.netty.resources.PooledConnectionProvider - [id: 0x2312f15d, L:/127.0.0.1:54817 - R:localhost/127.0.0.1:8081] Channel cleaned, now 0 active connections and 1 inactive connections
14:26:25.074 [Test worker] DEBUG org.springframework.web.reactive.function.client.ExchangeFunctions - [4bdfa250] HTTP GET http://localhost:8081/getAttractions
14:26:25.076 [reactor-http-nio-4] DEBUG reactor.netty.resources.PooledConnectionProvider - [id: 0x2312f15d, L:/127.0.0.1:54817 - R:localhost/127.0.0.1:8081] Channel acquired, now 1 active connections and 0 inactive connections
14:26:25.076 [reactor-http-nio-4] DEBUG reactor.netty.http.client.HttpClientConnect - [id: 0x2312f15d, L:/127.0.0.1:54817 - R:localhost/127.0.0.1:8081] Handler is being applied: {uri=http://localhost:8081/getAttractions, method=GET}
14:26:25.077 [reactor-http-nio-4] DEBUG reactor.netty.resources.PooledConnectionProvider - [id: 0x2312f15d, L:/127.0.0.1:54817 - R:localhost/127.0.0.1:8081] onStateChange(GET{uri=/getAttractions, connection=PooledConnection{channel=[id: 0x2312f15d, L:/127.0.0.1:54817 - R:localhost/127.0.0.1:8081]}}, [request_sent])
14:26:25.097 [reactor-http-nio-4] DEBUG reactor.netty.http.client.HttpClientOperations - [id: 0x2312f15d, L:/127.0.0.1:54817 - R:localhost/127.0.0.1:8081] Received response (auto-read:false) : [Content-Type=text/plain;charset=UTF-8, Content-Length=7528, Date=Mon, 07 Sep 2026 12:26:24 GMT]
14:26:25.098 [reactor-http-nio-4] DEBUG reactor.netty.resources.PooledConnectionProvider - [id: 0x2312f15d, L:/127.0.0.1:54817 - R:localhost/127.0.0.1:8081] onStateChange(GET{uri=/getAttractions, connection=PooledConnection{channel=[id: 0x2312f15d, L:/127.0.0.1:54817 - R:localhost/127.0.0.1:8081]}}, [response_received])
14:26:25.098 [reactor-http-nio-4] DEBUG org.springframework.web.reactive.function.client.ExchangeFunctions - [4bdfa250] Response 200 OK
14:26:25.098 [reactor-http-nio-4] DEBUG reactor.netty.channel.FluxReceive - [id: 0x2312f15d, L:/127.0.0.1:54817 - R:localhost/127.0.0.1:8081] Subscribing inbound receiver [pending: 0, cancelled:false, inboundDone: false]
14:26:25.098 [reactor-http-nio-4] DEBUG reactor.netty.http.client.HttpClientOperations - [id: 0x2312f15d, L:/127.0.0.1:54817 - R:localhost/127.0.0.1:8081] Received last HTTP packet
14:26:25.100 [reactor-http-nio-4] DEBUG org.springframework.core.codec.StringDecoder - [4bdfa250] Decoded "[{"attractionName":"Disneyland","city":"Anaheim","state":"CA","attractionId":{"mostSigBits":5371670 (truncated)...
14:26:25.100 [reactor-http-nio-4] DEBUG reactor.netty.resources.PooledConnectionProvider - [id: 0x2312f15d, L:/127.0.0.1:54817 - R:localhost/127.0.0.1:8081] onStateChange(GET{uri=/getAttractions, connection=PooledConnection{channel=[id: 0x2312f15d, L:/127.0.0.1:54817 - R:localhost/127.0.0.1:8081]}}, [disconnecting])
14:26:25.100 [reactor-http-nio-4] DEBUG reactor.netty.resources.PooledConnectionProvider - [id: 0x2312f15d, L:/127.0.0.1:54817 - R:localhost/127.0.0.1:8081] Releasing channel
14:26:25.100 [reactor-http-nio-4] DEBUG reactor.netty.resources.PooledConnectionProvider - [id: 0x2312f15d, L:/127.0.0.1:54817 - R:localhost/127.0.0.1:8081] Channel cleaned, now 0 active connections and 1 inactive connections
]]></system-out>
  <system-err><![CDATA[]]></system-err>
</testsuite>
