<?xml version="1.0" encoding="UTF-8"?>
<testsuite name="tourGuide.service.TestTripPricerWebClient" tests="1" skipped="0" failures="0" errors="0" timestamp="2026-09-08T07:30:59" hostname="UnCookiePasNet" time="4.351">
  <properties/>
  <testcase name="getPrice" classname="tourGuide.service.TestTripPricerWebClient" time="4.351"/>
  <system-out><![CDATA[09:31:00.730 [Test worker] DEBUG io.netty.util.internal.logging.InternalLoggerFactory - Using SLF4J as the default logging framework
09:31:00.814 [Test worker] DEBUG io.netty.util.internal.PlatformDependent - Platform: Windows
09:31:00.825 [Test worker] DEBUG io.netty.util.internal.PlatformDependent0 - -Dio.netty.noUnsafe: false
09:31:00.827 [Test worker] DEBUG io.netty.util.internal.PlatformDependent0 - Java version: 8
09:31:00.831 [Test worker] DEBUG io.netty.util.internal.PlatformDependent0 - sun.misc.Unsafe.theUnsafe: available
09:31:00.833 [Test worker] DEBUG io.netty.util.internal.PlatformDependent0 - sun.misc.Unsafe.copyMemory: available
09:31:00.836 [Test worker] DEBUG io.netty.util.internal.PlatformDependent0 - java.nio.Buffer.address: available
09:31:00.840 [Test worker] DEBUG io.netty.util.internal.PlatformDependent0 - direct buffer constructor: available
09:31:00.843 [Test worker] DEBUG io.netty.util.internal.PlatformDependent0 - java.nio.Bits.unaligned: available, true
09:31:00.844 [Test worker] DEBUG io.netty.util.internal.PlatformDependent0 - jdk.internal.misc.Unsafe.allocateUninitializedArray(int): unavailable prior to Java9
09:31:00.844 [Test worker] DEBUG io.netty.util.internal.PlatformDependent0 - java.nio.DirectByteBuffer.<init>(long, int): available
09:31:00.844 [Test worker] DEBUG io.netty.util.internal.PlatformDependent - sun.misc.Unsafe: available
09:31:00.846 [Test worker] DEBUG io.netty.util.internal.PlatformDependent - -Dio.netty.tmpdir: C:\Users\Hp\AppData\Local\Temp (java.io.tmpdir)
09:31:00.846 [Test worker] DEBUG io.netty.util.internal.PlatformDependent - -Dio.netty.bitMode: 64 (sun.arch.data.model)
09:31:00.850 [Test worker] DEBUG io.netty.util.internal.PlatformDependent - -Dio.netty.maxDirectMemory: 3773300736 bytes
09:31:00.850 [Test worker] DEBUG io.netty.util.internal.PlatformDependent - -Dio.netty.uninitializedArrayAllocationThreshold: -1
09:31:00.855 [Test worker] DEBUG io.netty.util.internal.CleanerJava6 - java.nio.ByteBuffer.cleaner(): available
09:31:00.855 [Test worker] DEBUG io.netty.util.internal.PlatformDependent - -Dio.netty.noPreferDirect: false
09:31:00.864 [Test worker] DEBUG io.netty.util.NetUtil - -Djava.net.preferIPv4Stack: false
09:31:00.865 [Test worker] DEBUG io.netty.util.NetUtil - -Djava.net.preferIPv6Addresses: false
09:31:01.409 [Test worker] DEBUG io.netty.util.NetUtil - Loopback interface: lo (Software Loopback Interface 1, 127.0.0.1)
09:31:01.410 [Test worker] DEBUG io.netty.util.NetUtil - Failed to get SOMAXCONN from sysctl and file \proc\sys\net\core\somaxconn. Default: 200
09:31:01.416 [Test worker] DEBUG reactor.util.Loggers$LoggerFactory - Using Slf4j logging framework
09:31:01.473 [Test worker] DEBUG reactor.netty.tcp.TcpResources - [http] resources will use the default LoopResources: DefaultLoopResources {prefix=reactor-http, daemon=true, selectCount=8, workerCount=8}
09:31:01.473 [Test worker] DEBUG reactor.netty.tcp.TcpResources - [http] resources will use the default ConnectionProvider: PooledConnectionProvider {name=http, poolFactory=reactor.netty.resources.ConnectionProvider$$Lambda$73/167413582@2ced30f9}
09:31:01.805 [Test worker] DEBUG reactor.netty.resources.DefaultLoopEpoll - Default Epoll support : false
09:31:01.807 [Test worker] DEBUG reactor.netty.resources.DefaultLoopKQueue - Default KQueue support : false
09:31:01.822 [Test worker] DEBUG io.netty.channel.MultithreadEventLoopGroup - -Dio.netty.eventLoopThreads: 16
09:31:01.876 [Test worker] DEBUG io.netty.util.internal.InternalThreadLocalMap - -Dio.netty.threadLocalMap.stringBuilder.initialSize: 1024
09:31:01.876 [Test worker] DEBUG io.netty.util.internal.InternalThreadLocalMap - -Dio.netty.threadLocalMap.stringBuilder.maxSize: 4096
09:31:01.897 [Test worker] DEBUG io.netty.channel.nio.NioEventLoop - -Dio.netty.noKeySetOptimization: false
09:31:01.897 [Test worker] DEBUG io.netty.channel.nio.NioEventLoop - -Dio.netty.selectorAutoRebuildThreshold: 512
09:31:01.923 [Test worker] DEBUG io.netty.util.internal.PlatformDependent - org.jctools-core.MpscChunkedArrayQueue: available
09:31:02.213 [Test worker] DEBUG org.springframework.web.reactive.function.client.ExchangeFunctions - [480fcbc7] HTTP GET http://localhost:8083/getPrice?apiKey=test-server-api-key&userId=38739e20-1ce5-4cfe-b6a5-5612ad375c7a&numberOfAdults=2&numberOfChildren=1&tripDuration=5&rewardPoints=100
09:31:02.232 [Test worker] DEBUG reactor.netty.resources.PooledConnectionProvider - Creating new client pool [http] for localhost:8083
09:31:02.252 [Test worker] DEBUG io.netty.channel.DefaultChannelId - -Dio.netty.processId: 11232 (auto-detected)
09:31:02.763 [Test worker] DEBUG io.netty.channel.DefaultChannelId - -Dio.netty.machineId: 4c:1d:96:ff:fe:62:c9:65 (auto-detected)
09:31:02.795 [Test worker] DEBUG io.netty.util.ResourceLeakDetector - -Dio.netty.leakDetection.level: simple
09:31:02.796 [Test worker] DEBUG io.netty.util.ResourceLeakDetector - -Dio.netty.leakDetection.targetRecords: 4
09:31:02.862 [Test worker] DEBUG io.netty.buffer.PooledByteBufAllocator - -Dio.netty.allocator.numHeapArenas: 16
09:31:02.862 [Test worker] DEBUG io.netty.buffer.PooledByteBufAllocator - -Dio.netty.allocator.numDirectArenas: 16
09:31:02.863 [Test worker] DEBUG io.netty.buffer.PooledByteBufAllocator - -Dio.netty.allocator.pageSize: 8192
09:31:02.863 [Test worker] DEBUG io.netty.buffer.PooledByteBufAllocator - -Dio.netty.allocator.maxOrder: 11
09:31:02.863 [Test worker] DEBUG io.netty.buffer.PooledByteBufAllocator - -Dio.netty.allocator.chunkSize: 16777216
09:31:02.863 [Test worker] DEBUG io.netty.buffer.PooledByteBufAllocator - -Dio.netty.allocator.tinyCacheSize: 512
09:31:02.864 [Test worker] DEBUG io.netty.buffer.PooledByteBufAllocator - -Dio.netty.allocator.smallCacheSize: 256
09:31:02.864 [Test worker] DEBUG io.netty.buffer.PooledByteBufAllocator - -Dio.netty.allocator.normalCacheSize: 64
09:31:02.864 [Test worker] DEBUG io.netty.buffer.PooledByteBufAllocator - -Dio.netty.allocator.maxCachedBufferCapacity: 32768
09:31:02.865 [Test worker] DEBUG io.netty.buffer.PooledByteBufAllocator - -Dio.netty.allocator.cacheTrimInterval: 8192
09:31:02.865 [Test worker] DEBUG io.netty.buffer.PooledByteBufAllocator - -Dio.netty.allocator.cacheTrimIntervalMillis: 0
09:31:02.865 [Test worker] DEBUG io.netty.buffer.PooledByteBufAllocator - -Dio.netty.allocator.useCacheForAllThreads: true
09:31:02.865 [Test worker] DEBUG io.netty.buffer.PooledByteBufAllocator - -Dio.netty.allocator.maxCachedByteBuffersPerChunk: 1023
09:31:02.887 [Test worker] DEBUG io.netty.buffer.ByteBufUtil - -Dio.netty.allocator.type: pooled
09:31:02.887 [Test worker] DEBUG io.netty.buffer.ByteBufUtil - -Dio.netty.threadLocalDirectBufferSize: 0
09:31:02.891 [Test worker] DEBUG io.netty.buffer.ByteBufUtil - -Dio.netty.maxThreadLocalCharBufferSize: 16384
09:31:02.919 [reactor-http-nio-4] DEBUG reactor.netty.resources.PooledConnectionProvider - [id: 0x152d83d5] Created new pooled channel, now 0 active connections and 1 inactive connections
09:31:03.004 [reactor-http-nio-4] DEBUG io.netty.buffer.AbstractByteBuf - -Dio.netty.buffer.checkAccessible: true
09:31:03.004 [reactor-http-nio-4] DEBUG io.netty.buffer.AbstractByteBuf - -Dio.netty.buffer.checkBounds: true
09:31:03.011 [reactor-http-nio-4] DEBUG io.netty.util.ResourceLeakDetectorFactory - Loaded default ResourceLeakDetector: io.netty.util.ResourceLeakDetector@358eacd1
09:31:03.039 [reactor-http-nio-4] DEBUG reactor.netty.channel.BootstrapHandlers - [id: 0x152d83d5] Initialized pipeline DefaultChannelPipeline{(BootstrapHandlers$BootstrapInitializerHandler#0 = reactor.netty.channel.BootstrapHandlers$BootstrapInitializerHandler), (SimpleChannelPool$1#0 = io.netty.channel.pool.SimpleChannelPool$1), (reactor.left.httpCodec = io.netty.handler.codec.http.HttpClientCodec), (reactor.left.decompressor = io.netty.handler.codec.http.HttpContentDecompressor), (reactor.right.reactiveBridge = reactor.netty.channel.ChannelOperationsHandler)}
09:31:03.066 [reactor-http-nio-4] DEBUG reactor.netty.resources.PooledConnectionProvider - [id: 0x152d83d5, L:/127.0.0.1:61090 - R:localhost/127.0.0.1:8083] onStateChange(PooledConnection{channel=[id: 0x152d83d5, L:/127.0.0.1:61090 - R:localhost/127.0.0.1:8083]}, [connected])
09:31:03.100 [reactor-http-nio-4] DEBUG reactor.netty.resources.PooledConnectionProvider - [id: 0x152d83d5, L:/127.0.0.1:61090 - R:localhost/127.0.0.1:8083] onStateChange(GET{uri=/, connection=PooledConnection{channel=[id: 0x152d83d5, L:/127.0.0.1:61090 - R:localhost/127.0.0.1:8083]}}, [configured])
09:31:03.106 [reactor-http-nio-4] DEBUG reactor.netty.resources.PooledConnectionProvider - [id: 0x152d83d5, L:/127.0.0.1:61090 - R:localhost/127.0.0.1:8083] Registering pool release on close event for channel
09:31:03.111 [reactor-http-nio-4] DEBUG reactor.netty.http.client.HttpClientConnect - [id: 0x152d83d5, L:/127.0.0.1:61090 - R:localhost/127.0.0.1:8083] Handler is being applied: {uri=http://localhost:8083/getPrice?apiKey=test-server-api-key&userId=38739e20-1ce5-4cfe-b6a5-5612ad375c7a&numberOfAdults=2&numberOfChildren=1&tripDuration=5&rewardPoints=100, method=GET}
09:31:03.158 [reactor-http-nio-4] DEBUG io.netty.util.Recycler - -Dio.netty.recycler.maxCapacityPerThread: 4096
09:31:03.158 [reactor-http-nio-4] DEBUG io.netty.util.Recycler - -Dio.netty.recycler.maxSharedCapacityFactor: 2
09:31:03.158 [reactor-http-nio-4] DEBUG io.netty.util.Recycler - -Dio.netty.recycler.linkCapacity: 16
09:31:03.158 [reactor-http-nio-4] DEBUG io.netty.util.Recycler - -Dio.netty.recycler.ratio: 8
09:31:03.185 [reactor-http-nio-4] DEBUG reactor.netty.resources.PooledConnectionProvider - [id: 0x152d83d5, L:/127.0.0.1:61090 - R:localhost/127.0.0.1:8083] onStateChange(GET{uri=/getPrice?apiKey=test-server-api-key&userId=38739e20-1ce5-4cfe-b6a5-5612ad375c7a&numberOfAdults=2&numberOfChildren=1&tripDuration=5&rewardPoints=100, connection=PooledConnection{channel=[id: 0x152d83d5, L:/127.0.0.1:61090 - R:localhost/127.0.0.1:8083]}}, [request_sent])
09:31:03.185 [reactor-http-nio-4] DEBUG reactor.netty.resources.PooledConnectionProvider - [id: 0x152d83d5, L:/127.0.0.1:61090 - R:localhost/127.0.0.1:8083] Channel connected, now 1 active connections and 0 inactive connections
09:31:03.411 [reactor-http-nio-4] DEBUG reactor.netty.http.client.HttpClientOperations - [id: 0x152d83d5, L:/127.0.0.1:61090 - R:localhost/127.0.0.1:8083] Received response (auto-read:false) : [Content-Type=text/plain;charset=UTF-8, Content-Length=1066, Date=Tue, 08 Sep 2026 07:31:03 GMT]
09:31:03.412 [reactor-http-nio-4] DEBUG reactor.netty.resources.PooledConnectionProvider - [id: 0x152d83d5, L:/127.0.0.1:61090 - R:localhost/127.0.0.1:8083] onStateChange(GET{uri=/getPrice?apiKey=test-server-api-key&userId=38739e20-1ce5-4cfe-b6a5-5612ad375c7a&numberOfAdults=2&numberOfChildren=1&tripDuration=5&rewardPoints=100, connection=PooledConnection{channel=[id: 0x152d83d5, L:/127.0.0.1:61090 - R:localhost/127.0.0.1:8083]}}, [response_received])
09:31:03.418 [reactor-http-nio-4] DEBUG org.springframework.web.reactive.function.client.ExchangeFunctions - [480fcbc7] Response 200 OK
09:31:03.453 [reactor-http-nio-4] DEBUG reactor.netty.channel.FluxReceive - [id: 0x152d83d5, L:/127.0.0.1:61090 - R:localhost/127.0.0.1:8083] Subscribing inbound receiver [pending: 0, cancelled:false, inboundDone: false]
09:31:03.468 [reactor-http-nio-4] DEBUG reactor.netty.http.client.HttpClientOperations - [id: 0x152d83d5, L:/127.0.0.1:61090 - R:localhost/127.0.0.1:8083] Received last HTTP packet
09:31:03.477 [reactor-http-nio-4] DEBUG org.springframework.core.codec.StringDecoder - [480fcbc7] Decoded "[{"name":"United Partners Vacations","price":398.99,"tripId":{"mostSigBits":4067768749206621438,"le (truncated)...
09:31:03.477 [reactor-http-nio-4] DEBUG reactor.netty.resources.PooledConnectionProvider - [id: 0x152d83d5, L:/127.0.0.1:61090 - R:localhost/127.0.0.1:8083] onStateChange(GET{uri=/getPrice?apiKey=test-server-api-key&userId=38739e20-1ce5-4cfe-b6a5-5612ad375c7a&numberOfAdults=2&numberOfChildren=1&tripDuration=5&rewardPoints=100, connection=PooledConnection{channel=[id: 0x152d83d5, L:/127.0.0.1:61090 - R:localhost/127.0.0.1:8083]}}, [disconnecting])
09:31:03.477 [reactor-http-nio-4] DEBUG reactor.netty.resources.PooledConnectionProvider - [id: 0x152d83d5, L:/127.0.0.1:61090 - R:localhost/127.0.0.1:8083] Releasing channel
09:31:03.478 [reactor-http-nio-4] DEBUG reactor.netty.resources.PooledConnectionProvider - [id: 0x152d83d5, L:/127.0.0.1:61090 - R:localhost/127.0.0.1:8083] Channel cleaned, now 0 active connections and 1 inactive connections
]]></system-out>
  <system-err><![CDATA[]]></system-err>
</testsuite>
